{"C:\\Users\\quick\\Downloads\\VSCode-npm\\class-project\\backend\\database.js": {"path":"C:\\Users\\quick\\Downloads\\VSCode-npm\\class-project\\backend\\database.js","statementMap":{"0":{"start":{"line":3,"column":18},"end":{"line":11,"column":1}},"1":{"start":{"line":4,"column":2},"end":{"line":10,"column":3}},"2":{"start":{"line":5,"column":4},"end":{"line":5,"column":50}},"3":{"start":{"line":6,"column":4},"end":{"line":6,"column":50}},"4":{"start":{"line":8,"column":4},"end":{"line":8,"column":54}},"5":{"start":{"line":9,"column":4},"end":{"line":9,"column":20}}},"fnMap":{"0":{"name":"(anonymous_0)","decl":{"start":{"line":3,"column":18},"end":{"line":3,"column":19}},"loc":{"start":{"line":3,"column":30},"end":{"line":11,"column":1}},"line":3}},"branchMap":{},"s":{"0":6,"1":6,"2":6,"3":4,"4":0,"5":0},"f":{"0":6},"b":{},"_coverageSchema":"1a1c01bbd47fc00a2c39e90264f33305004495a9","hash":"9b5e483297e86007440e51349f7ba746b51358d0"}
,"C:\\Users\\quick\\Downloads\\VSCode-npm\\class-project\\backend\\index.js": {"path":"C:\\Users\\quick\\Downloads\\VSCode-npm\\class-project\\backend\\index.js","statementMap":{"0":{"start":{"line":14,"column":0},"end":{"line":14,"column":16}},"1":{"start":{"line":16,"column":12},"end":{"line":16,"column":21}},"2":{"start":{"line":19,"column":0},"end":{"line":19,"column":12}},"3":{"start":{"line":22,"column":0},"end":{"line":22,"column":24}},"4":{"start":{"line":23,"column":0},"end":{"line":23,"column":16}},"5":{"start":{"line":24,"column":0},"end":{"line":26,"column":3}},"6":{"start":{"line":25,"column":2},"end":{"line":25,"column":20}},"7":{"start":{"line":29,"column":0},"end":{"line":29,"column":33}},"8":{"start":{"line":30,"column":0},"end":{"line":30,"column":36}},"9":{"start":{"line":31,"column":0},"end":{"line":31,"column":34}},"10":{"start":{"line":32,"column":0},"end":{"line":32,"column":44}},"11":{"start":{"line":33,"column":0},"end":{"line":33,"column":50}},"12":{"start":{"line":34,"column":0},"end":{"line":34,"column":41}},"13":{"start":{"line":36,"column":0},"end":{"line":36,"column":23}}},"fnMap":{"0":{"name":"(anonymous_0)","decl":{"start":{"line":24,"column":13},"end":{"line":24,"column":14}},"loc":{"start":{"line":24,"column":27},"end":{"line":26,"column":1}},"line":24}},"branchMap":{},"s":{"0":6,"1":6,"2":6,"3":6,"4":6,"5":6,"6":0,"7":6,"8":6,"9":6,"10":6,"11":6,"12":6,"13":6},"f":{"0":0},"b":{},"_coverageSchema":"1a1c01bbd47fc00a2c39e90264f33305004495a9","hash":"a262447a3cd6db156a5ecf2f7141cebb5f9bded5"}
,"C:\\Users\\quick\\Downloads\\VSCode-npm\\class-project\\backend\\server.js": {"path":"C:\\Users\\quick\\Downloads\\VSCode-npm\\class-project\\backend\\server.js","statementMap":{"0":{"start":{"line":3,"column":13},"end":{"line":3,"column":37}},"1":{"start":{"line":4,"column":15},"end":{"line":6,"column":2}},"2":{"start":{"line":5,"column":2},"end":{"line":5,"column":60}}},"fnMap":{"0":{"name":"(anonymous_0)","decl":{"start":{"line":4,"column":32},"end":{"line":4,"column":33}},"loc":{"start":{"line":4,"column":38},"end":{"line":6,"column":1}},"line":4}},"branchMap":{"0":{"loc":{"start":{"line":3,"column":13},"end":{"line":3,"column":37}},"type":"binary-expr","locations":[{"start":{"line":3,"column":13},"end":{"line":3,"column":29}},{"start":{"line":3,"column":33},"end":{"line":3,"column":37}}],"line":3}},"s":{"0":1,"1":1,"2":1},"f":{"0":1},"b":{"0":[1,0]},"_coverageSchema":"1a1c01bbd47fc00a2c39e90264f33305004495a9","hash":"f9bb5b95f23cdc19f0ded2ee770469e42077fe92"}
,"C:\\Users\\quick\\Downloads\\VSCode-npm\\class-project\\backend\\controllers\\authController.js": {"path":"C:\\Users\\quick\\Downloads\\VSCode-npm\\class-project\\backend\\controllers\\authController.js","statementMap":{"0":{"start":{"line":6,"column":14},"end":{"line":12,"column":1}},"1":{"start":{"line":15,"column":28},"end":{"line":48,"column":1}},"2":{"start":{"line":16,"column":2},"end":{"line":47,"column":3}},"3":{"start":{"line":17,"column":38},"end":{"line":17,"column":46}},"4":{"start":{"line":20,"column":4},"end":{"line":22,"column":5}},"5":{"start":{"line":21,"column":6},"end":{"line":21,"column":72}},"6":{"start":{"line":25,"column":4},"end":{"line":29,"column":5}},"7":{"start":{"line":26,"column":6},"end":{"line":28,"column":69}},"8":{"start":{"line":31,"column":25},"end":{"line":31,"column":65}},"9":{"start":{"line":32,"column":4},"end":{"line":34,"column":5}},"10":{"start":{"line":33,"column":6},"end":{"line":33,"column":74}},"11":{"start":{"line":36,"column":17},"end":{"line":40,"column":6}},"12":{"start":{"line":41,"column":4},"end":{"line":41,"column":22}},"13":{"start":{"line":43,"column":4},"end":{"line":43,"column":77}},"14":{"start":{"line":45,"column":4},"end":{"line":45,"column":46}},"15":{"start":{"line":46,"column":4},"end":{"line":46,"column":70}},"16":{"start":{"line":51,"column":25},"end":{"line":82,"column":1}},"17":{"start":{"line":52,"column":2},"end":{"line":81,"column":3}},"18":{"start":{"line":53,"column":32},"end":{"line":53,"column":40}},"19":{"start":{"line":55,"column":17},"end":{"line":55,"column":57}},"20":{"start":{"line":56,"column":4},"end":{"line":58,"column":5}},"21":{"start":{"line":57,"column":6},"end":{"line":57,"column":76}},"22":{"start":{"line":60,"column":20},"end":{"line":60,"column":65}},"23":{"start":{"line":61,"column":4},"end":{"line":63,"column":5}},"24":{"start":{"line":62,"column":6},"end":{"line":62,"column":76}},"25":{"start":{"line":65,"column":18},"end":{"line":75,"column":5}},"26":{"start":{"line":77,"column":4},"end":{"line":77,"column":72}},"27":{"start":{"line":79,"column":4},"end":{"line":79,"column":40}},"28":{"start":{"line":80,"column":4},"end":{"line":80,"column":70}}},"fnMap":{"0":{"name":"(anonymous_0)","decl":{"start":{"line":15,"column":28},"end":{"line":15,"column":29}},"loc":{"start":{"line":15,"column":48},"end":{"line":48,"column":1}},"line":15},"1":{"name":"(anonymous_1)","decl":{"start":{"line":51,"column":25},"end":{"line":51,"column":26}},"loc":{"start":{"line":51,"column":45},"end":{"line":82,"column":1}},"line":51}},"branchMap":{"0":{"loc":{"start":{"line":20,"column":4},"end":{"line":22,"column":5}},"type":"if","locations":[{"start":{"line":20,"column":4},"end":{"line":22,"column":5}},{"start":{},"end":{}}],"line":20},"1":{"loc":{"start":{"line":20,"column":8},"end":{"line":20,"column":38}},"type":"binary-expr","locations":[{"start":{"line":20,"column":8},"end":{"line":20,"column":14}},{"start":{"line":20,"column":18},"end":{"line":20,"column":38}}],"line":20},"2":{"loc":{"start":{"line":25,"column":4},"end":{"line":29,"column":5}},"type":"if","locations":[{"start":{"line":25,"column":4},"end":{"line":29,"column":5}},{"start":{},"end":{}}],"line":25},"3":{"loc":{"start":{"line":25,"column":8},"end":{"line":25,"column":40}},"type":"binary-expr","locations":[{"start":{"line":25,"column":8},"end":{"line":25,"column":17}},{"start":{"line":25,"column":21},"end":{"line":25,"column":40}}],"line":25},"4":{"loc":{"start":{"line":32,"column":4},"end":{"line":34,"column":5}},"type":"if","locations":[{"start":{"line":32,"column":4},"end":{"line":34,"column":5}},{"start":{},"end":{}}],"line":32},"5":{"loc":{"start":{"line":39,"column":12},"end":{"line":39,"column":31}},"type":"binary-expr","locations":[{"start":{"line":39,"column":12},"end":{"line":39,"column":16}},{"start":{"line":39,"column":20},"end":{"line":39,"column":31}}],"line":39},"6":{"loc":{"start":{"line":56,"column":4},"end":{"line":58,"column":5}},"type":"if","locations":[{"start":{"line":56,"column":4},"end":{"line":58,"column":5}},{"start":{},"end":{}}],"line":56},"7":{"loc":{"start":{"line":61,"column":4},"end":{"line":63,"column":5}},"type":"if","locations":[{"start":{"line":61,"column":4},"end":{"line":63,"column":5}},{"start":{},"end":{}}],"line":61},"8":{"loc":{"start":{"line":71,"column":6},"end":{"line":71,"column":57}},"type":"binary-expr","locations":[{"start":{"line":71,"column":6},"end":{"line":71,"column":32}},{"start":{"line":71,"column":36},"end":{"line":71,"column":57}}],"line":71}},"s":{"0":6,"1":6,"2":6,"3":6,"4":6,"5":0,"6":6,"7":1,"8":5,"9":4,"10":1,"11":3,"12":3,"13":3,"14":1,"15":1,"16":6,"17":4,"18":4,"19":4,"20":4,"21":1,"22":3,"23":3,"24":1,"25":2,"26":2,"27":1,"28":1},"f":{"0":6,"1":4},"b":{"0":[0,6],"1":[6,6],"2":[1,5],"3":[6,6],"4":[1,3],"5":[3,2],"6":[1,3],"7":[1,2],"8":[2,2]},"_coverageSchema":"1a1c01bbd47fc00a2c39e90264f33305004495a9","hash":"37a7e3f0e1b79d277787abc34f8ff38654682b17"}
,"C:\\Users\\quick\\Downloads\\VSCode-npm\\class-project\\backend\\controllers\\eventController.js": {"path":"C:\\Users\\quick\\Downloads\\VSCode-npm\\class-project\\backend\\controllers\\eventController.js","statementMap":{"0":{"start":{"line":3,"column":15},"end":{"line":16,"column":1}},"1":{"start":{"line":19,"column":27},"end":{"line":27,"column":1}},"2":{"start":{"line":20,"column":2},"end":{"line":26,"column":3}},"3":{"start":{"line":21,"column":21},"end":{"line":21,"column":40}},"4":{"start":{"line":22,"column":4},"end":{"line":22,"column":26}},"5":{"start":{"line":23,"column":4},"end":{"line":23,"column":89}},"6":{"start":{"line":25,"column":4},"end":{"line":25,"column":70}},"7":{"start":{"line":30,"column":25},"end":{"line":37,"column":1}},"8":{"start":{"line":31,"column":2},"end":{"line":36,"column":3}},"9":{"start":{"line":32,"column":19},"end":{"line":32,"column":37}},"10":{"start":{"line":33,"column":4},"end":{"line":33,"column":21}},"11":{"start":{"line":35,"column":4},"end":{"line":35,"column":70}}},"fnMap":{"0":{"name":"(anonymous_0)","decl":{"start":{"line":19,"column":27},"end":{"line":19,"column":28}},"loc":{"start":{"line":19,"column":47},"end":{"line":27,"column":1}},"line":19},"1":{"name":"(anonymous_1)","decl":{"start":{"line":30,"column":25},"end":{"line":30,"column":26}},"loc":{"start":{"line":30,"column":45},"end":{"line":37,"column":1}},"line":30}},"branchMap":{},"s":{"0":6,"1":6,"2":2,"3":2,"4":2,"5":0,"6":2,"7":6,"8":1,"9":1,"10":1,"11":0},"f":{"0":2,"1":1},"b":{},"_coverageSchema":"1a1c01bbd47fc00a2c39e90264f33305004495a9","hash":"3892e5e22cadc28901953a1fd2a258ef2cd40040"}
,"C:\\Users\\quick\\Downloads\\VSCode-npm\\class-project\\backend\\controllers\\notificationController.js": {"path":"C:\\Users\\quick\\Downloads\\VSCode-npm\\class-project\\backend\\controllers\\notificationController.js","statementMap":{"0":{"start":{"line":3,"column":31},"end":{"line":13,"column":1}},"1":{"start":{"line":4,"column":35},"end":{"line":4,"column":43}},"2":{"start":{"line":5,"column":2},"end":{"line":9,"column":3}},"3":{"start":{"line":6,"column":4},"end":{"line":8,"column":63}},"4":{"start":{"line":11,"column":17},"end":{"line":11,"column":75}},"5":{"start":{"line":12,"column":2},"end":{"line":12,"column":31}}},"fnMap":{"0":{"name":"(anonymous_0)","decl":{"start":{"line":3,"column":31},"end":{"line":3,"column":32}},"loc":{"start":{"line":3,"column":45},"end":{"line":13,"column":1}},"line":3}},"branchMap":{"0":{"loc":{"start":{"line":5,"column":2},"end":{"line":9,"column":3}},"type":"if","locations":[{"start":{"line":5,"column":2},"end":{"line":9,"column":3}},{"start":{},"end":{}}],"line":5},"1":{"loc":{"start":{"line":5,"column":6},"end":{"line":5,"column":30}},"type":"binary-expr","locations":[{"start":{"line":5,"column":6},"end":{"line":5,"column":18}},{"start":{"line":5,"column":22},"end":{"line":5,"column":30}}],"line":5}},"s":{"0":6,"1":2,"2":2,"3":1,"4":1,"5":1},"f":{"0":2},"b":{"0":[1,1],"1":[2,1]},"_coverageSchema":"1a1c01bbd47fc00a2c39e90264f33305004495a9","hash":"d48fb920d8d77c62deb33a5467e818142adae2b4"}
,"C:\\Users\\quick\\Downloads\\VSCode-npm\\class-project\\backend\\controllers\\reportingController.js": {"path":"C:\\Users\\quick\\Downloads\\VSCode-npm\\class-project\\backend\\controllers\\reportingController.js","statementMap":{"0":{"start":{"line":6,"column":41},"end":{"line":21,"column":1}},"1":{"start":{"line":7,"column":2},"end":{"line":20,"column":3}},"2":{"start":{"line":8,"column":19},"end":{"line":8,"column":44}},"3":{"start":{"line":10,"column":6},"end":{"line":10,"column":50}},"4":{"start":{"line":12,"column":4},"end":{"line":12,"column":47}},"5":{"start":{"line":13,"column":4},"end":{"line":13,"column":77}},"6":{"start":{"line":14,"column":4},"end":{"line":14,"column":21}},"7":{"start":{"line":16,"column":4},"end":{"line":16,"column":69}},"8":{"start":{"line":17,"column":4},"end":{"line":19,"column":71}},"9":{"start":{"line":23,"column":41},"end":{"line":38,"column":1}},"10":{"start":{"line":24,"column":2},"end":{"line":37,"column":3}},"11":{"start":{"line":25,"column":19},"end":{"line":25,"column":44}},"12":{"start":{"line":27,"column":6},"end":{"line":27,"column":50}},"13":{"start":{"line":29,"column":4},"end":{"line":29,"column":47}},"14":{"start":{"line":30,"column":4},"end":{"line":30,"column":77}},"15":{"start":{"line":31,"column":4},"end":{"line":31,"column":21}},"16":{"start":{"line":33,"column":4},"end":{"line":33,"column":69}},"17":{"start":{"line":34,"column":4},"end":{"line":36,"column":71}}},"fnMap":{"0":{"name":"(anonymous_0)","decl":{"start":{"line":6,"column":41},"end":{"line":6,"column":42}},"loc":{"start":{"line":6,"column":61},"end":{"line":21,"column":1}},"line":6},"1":{"name":"(anonymous_1)","decl":{"start":{"line":23,"column":41},"end":{"line":23,"column":42}},"loc":{"start":{"line":23,"column":61},"end":{"line":38,"column":1}},"line":23}},"branchMap":{"0":{"loc":{"start":{"line":8,"column":19},"end":{"line":8,"column":44}},"type":"binary-expr","locations":[{"start":{"line":8,"column":19},"end":{"line":8,"column":35}},{"start":{"line":8,"column":39},"end":{"line":8,"column":44}}],"line":8},"1":{"loc":{"start":{"line":25,"column":19},"end":{"line":25,"column":44}},"type":"binary-expr","locations":[{"start":{"line":25,"column":19},"end":{"line":25,"column":35}},{"start":{"line":25,"column":39},"end":{"line":25,"column":44}}],"line":25}},"s":{"0":7,"1":2,"2":2,"3":2,"4":1,"5":1,"6":1,"7":1,"8":1,"9":7,"10":2,"11":2,"12":2,"13":1,"14":1,"15":1,"16":1,"17":1},"f":{"0":2,"1":2},"b":{"0":[2,2],"1":[2,2]},"_coverageSchema":"1a1c01bbd47fc00a2c39e90264f33305004495a9","hash":"6ccd47ae7d23425624aaed3f08daf26e556f4a68"}
,"C:\\Users\\quick\\Downloads\\VSCode-npm\\class-project\\backend\\controllers\\userController.js": {"path":"C:\\Users\\quick\\Downloads\\VSCode-npm\\class-project\\backend\\controllers\\userController.js","statementMap":{"0":{"start":{"line":5,"column":14},"end":{"line":37,"column":1}},"1":{"start":{"line":41,"column":2},"end":{"line":55,"column":3}},"2":{"start":{"line":42,"column":19},"end":{"line":42,"column":29}},"3":{"start":{"line":44,"column":20},"end":{"line":46,"column":6}},"4":{"start":{"line":47,"column":4},"end":{"line":49,"column":5}},"5":{"start":{"line":48,"column":6},"end":{"line":48,"column":68}},"6":{"start":{"line":51,"column":4},"end":{"line":51,"column":41}},"7":{"start":{"line":53,"column":4},"end":{"line":53,"column":52}},"8":{"start":{"line":54,"column":4},"end":{"line":54,"column":61}},"9":{"start":{"line":60,"column":2},"end":{"line":92,"column":3}},"10":{"start":{"line":61,"column":19},"end":{"line":61,"column":34}},"11":{"start":{"line":63,"column":18},"end":{"line":63,"column":55}},"12":{"start":{"line":64,"column":4},"end":{"line":66,"column":5}},"13":{"start":{"line":65,"column":6},"end":{"line":65,"column":74}},"14":{"start":{"line":68,"column":4},"end":{"line":79,"column":7}},"15":{"start":{"line":80,"column":4},"end":{"line":80,"column":25}},"16":{"start":{"line":82,"column":4},"end":{"line":84,"column":7}},"17":{"start":{"line":86,"column":4},"end":{"line":88,"column":66}},"18":{"start":{"line":90,"column":4},"end":{"line":90,"column":52}},"19":{"start":{"line":91,"column":4},"end":{"line":91,"column":61}},"20":{"start":{"line":96,"column":2},"end":{"line":125,"column":3}},"21":{"start":{"line":97,"column":19},"end":{"line":97,"column":34}},"22":{"start":{"line":99,"column":27},"end":{"line":113,"column":5}},"23":{"start":{"line":115,"column":4},"end":{"line":117,"column":7}},"24":{"start":{"line":119,"column":4},"end":{"line":121,"column":73}},"25":{"start":{"line":123,"column":4},"end":{"line":123,"column":52}},"26":{"start":{"line":124,"column":4},"end":{"line":124,"column":61}},"27":{"start":{"line":128,"column":29},"end":{"line":135,"column":1}},"28":{"start":{"line":129,"column":2},"end":{"line":134,"column":3}},"29":{"start":{"line":130,"column":21},"end":{"line":130,"column":45}},"30":{"start":{"line":131,"column":4},"end":{"line":131,"column":23}},"31":{"start":{"line":133,"column":4},"end":{"line":133,"column":70}}},"fnMap":{"0":{"name":"getUserProfile","decl":{"start":{"line":40,"column":22},"end":{"line":40,"column":36}},"loc":{"start":{"line":40,"column":47},"end":{"line":56,"column":1}},"line":40},"1":{"name":"createUserProfile","decl":{"start":{"line":59,"column":22},"end":{"line":59,"column":39}},"loc":{"start":{"line":59,"column":50},"end":{"line":93,"column":1}},"line":59},"2":{"name":"updateUserProfile","decl":{"start":{"line":95,"column":22},"end":{"line":95,"column":39}},"loc":{"start":{"line":95,"column":50},"end":{"line":126,"column":1}},"line":95},"3":{"name":"(anonymous_3)","decl":{"start":{"line":128,"column":29},"end":{"line":128,"column":30}},"loc":{"start":{"line":128,"column":49},"end":{"line":135,"column":1}},"line":128}},"branchMap":{"0":{"loc":{"start":{"line":47,"column":4},"end":{"line":49,"column":5}},"type":"if","locations":[{"start":{"line":47,"column":4},"end":{"line":49,"column":5}},{"start":{},"end":{}}],"line":47},"1":{"loc":{"start":{"line":64,"column":4},"end":{"line":66,"column":5}},"type":"if","locations":[{"start":{"line":64,"column":4},"end":{"line":66,"column":5}},{"start":{},"end":{}}],"line":64}},"s":{"0":6,"1":1,"2":1,"3":1,"4":0,"5":0,"6":0,"7":1,"8":1,"9":0,"10":0,"11":0,"12":0,"13":0,"14":0,"15":0,"16":0,"17":0,"18":0,"19":0,"20":0,"21":0,"22":0,"23":0,"24":0,"25":0,"26":0,"27":6,"28":0,"29":0,"30":0,"31":0},"f":{"0":1,"1":0,"2":0,"3":0},"b":{"0":[0,0],"1":[0,0]},"_coverageSchema":"1a1c01bbd47fc00a2c39e90264f33305004495a9","hash":"4cc9bd52e9450f9b67f951f9a4935bb4e6364817"}
,"C:\\Users\\quick\\Downloads\\VSCode-npm\\class-project\\backend\\controllers\\volunteerController.js": {"path":"C:\\Users\\quick\\Downloads\\VSCode-npm\\class-project\\backend\\controllers\\volunteerController.js","statementMap":{"0":{"start":{"line":8,"column":35},"end":{"line":28,"column":1}},"1":{"start":{"line":9,"column":2},"end":{"line":27,"column":3}},"2":{"start":{"line":10,"column":24},"end":{"line":10,"column":37}},"3":{"start":{"line":11,"column":4},"end":{"line":11,"column":29}},"4":{"start":{"line":13,"column":20},"end":{"line":15,"column":26}},"5":{"start":{"line":17,"column":4},"end":{"line":17,"column":25}},"6":{"start":{"line":19,"column":4},"end":{"line":23,"column":7}},"7":{"start":{"line":25,"column":4},"end":{"line":25,"column":51}},"8":{"start":{"line":26,"column":4},"end":{"line":26,"column":76}},"9":{"start":{"line":31,"column":30},"end":{"line":94,"column":1}},"10":{"start":{"line":32,"column":2},"end":{"line":93,"column":3}},"11":{"start":{"line":33,"column":37},"end":{"line":33,"column":45}},"12":{"start":{"line":35,"column":4},"end":{"line":35,"column":54}},"13":{"start":{"line":36,"column":4},"end":{"line":36,"column":46}},"14":{"start":{"line":39,"column":4},"end":{"line":43,"column":5}},"15":{"start":{"line":40,"column":6},"end":{"line":42,"column":74}},"16":{"start":{"line":44,"column":4},"end":{"line":48,"column":5}},"17":{"start":{"line":45,"column":6},"end":{"line":47,"column":70}},"18":{"start":{"line":51,"column":22},"end":{"line":53,"column":25}},"19":{"start":{"line":55,"column":4},"end":{"line":59,"column":5}},"20":{"start":{"line":56,"column":6},"end":{"line":58,"column":66}},"21":{"start":{"line":61,"column":4},"end":{"line":65,"column":5}},"22":{"start":{"line":62,"column":6},"end":{"line":64,"column":67}},"23":{"start":{"line":67,"column":4},"end":{"line":67,"column":47}},"24":{"start":{"line":70,"column":18},"end":{"line":70,"column":47}},"25":{"start":{"line":71,"column":4},"end":{"line":71,"column":39}},"26":{"start":{"line":73,"column":4},"end":{"line":77,"column":5}},"27":{"start":{"line":74,"column":6},"end":{"line":76,"column":63}},"28":{"start":{"line":80,"column":21},"end":{"line":84,"column":6}},"29":{"start":{"line":86,"column":4},"end":{"line":86,"column":26}},"30":{"start":{"line":87,"column":4},"end":{"line":87,"column":44}},"31":{"start":{"line":89,"column":4},"end":{"line":89,"column":76}},"32":{"start":{"line":91,"column":4},"end":{"line":91,"column":53}},"33":{"start":{"line":92,"column":4},"end":{"line":92,"column":70}}},"fnMap":{"0":{"name":"(anonymous_0)","decl":{"start":{"line":8,"column":35},"end":{"line":8,"column":36}},"loc":{"start":{"line":8,"column":55},"end":{"line":28,"column":1}},"line":8},"1":{"name":"(anonymous_1)","decl":{"start":{"line":31,"column":30},"end":{"line":31,"column":31}},"loc":{"start":{"line":31,"column":50},"end":{"line":94,"column":1}},"line":31}},"branchMap":{"0":{"loc":{"start":{"line":22,"column":15},"end":{"line":22,"column":74}},"type":"cond-expr","locations":[{"start":{"line":22,"column":32},"end":{"line":22,"column":48}},{"start":{"line":22,"column":51},"end":{"line":22,"column":74}}],"line":22},"1":{"loc":{"start":{"line":39,"column":4},"end":{"line":43,"column":5}},"type":"if","locations":[{"start":{"line":39,"column":4},"end":{"line":43,"column":5}},{"start":{},"end":{}}],"line":39},"2":{"loc":{"start":{"line":44,"column":4},"end":{"line":48,"column":5}},"type":"if","locations":[{"start":{"line":44,"column":4},"end":{"line":48,"column":5}},{"start":{},"end":{}}],"line":44},"3":{"loc":{"start":{"line":55,"column":4},"end":{"line":59,"column":5}},"type":"if","locations":[{"start":{"line":55,"column":4},"end":{"line":59,"column":5}},{"start":{},"end":{}}],"line":55},"4":{"loc":{"start":{"line":61,"column":4},"end":{"line":65,"column":5}},"type":"if","locations":[{"start":{"line":61,"column":4},"end":{"line":65,"column":5}},{"start":{},"end":{}}],"line":61},"5":{"loc":{"start":{"line":61,"column":8},"end":{"line":61,"column":66}},"type":"binary-expr","locations":[{"start":{"line":61,"column":8},"end":{"line":61,"column":25}},{"start":{"line":61,"column":29},"end":{"line":61,"column":66}}],"line":61},"6":{"loc":{"start":{"line":73,"column":4},"end":{"line":77,"column":5}},"type":"if","locations":[{"start":{"line":73,"column":4},"end":{"line":77,"column":5}},{"start":{},"end":{}}],"line":73}},"s":{"0":6,"1":0,"2":0,"3":0,"4":0,"5":0,"6":0,"7":0,"8":0,"9":6,"10":0,"11":0,"12":0,"13":0,"14":0,"15":0,"16":0,"17":0,"18":0,"19":0,"20":0,"21":0,"22":0,"23":0,"24":0,"25":0,"26":0,"27":0,"28":0,"29":0,"30":0,"31":0,"32":0,"33":0},"f":{"0":0,"1":0},"b":{"0":[0,0],"1":[0,0],"2":[0,0],"3":[0,0],"4":[0,0],"5":[0,0],"6":[0,0]},"_coverageSchema":"1a1c01bbd47fc00a2c39e90264f33305004495a9","hash":"6456a7e5071fd84f0fbd9894d833e1c6e69edfe2"}
,"C:\\Users\\quick\\Downloads\\VSCode-npm\\class-project\\backend\\middleware\\verifyToken.js": {"path":"C:\\Users\\quick\\Downloads\\VSCode-npm\\class-project\\backend\\middleware\\verifyToken.js","statementMap":{"0":{"start":{"line":3,"column":20},"end":{"line":28,"column":1}},"1":{"start":{"line":4,"column":16},"end":{"line":4,"column":67}},"2":{"start":{"line":6,"column":2},"end":{"line":10,"column":3}},"3":{"start":{"line":7,"column":4},"end":{"line":9,"column":61}},"4":{"start":{"line":12,"column":2},"end":{"line":27,"column":3}},"5":{"start":{"line":14,"column":20},"end":{"line":17,"column":5}},"6":{"start":{"line":20,"column":4},"end":{"line":20,"column":41}},"7":{"start":{"line":23,"column":4},"end":{"line":23,"column":23}},"8":{"start":{"line":24,"column":4},"end":{"line":24,"column":11}},"9":{"start":{"line":26,"column":4},"end":{"line":26,"column":73}}},"fnMap":{"0":{"name":"(anonymous_0)","decl":{"start":{"line":3,"column":20},"end":{"line":3,"column":21}},"loc":{"start":{"line":3,"column":40},"end":{"line":28,"column":1}},"line":3}},"branchMap":{"0":{"loc":{"start":{"line":6,"column":2},"end":{"line":10,"column":3}},"type":"if","locations":[{"start":{"line":6,"column":2},"end":{"line":10,"column":3}},{"start":{},"end":{}}],"line":6},"1":{"loc":{"start":{"line":16,"column":6},"end":{"line":16,"column":57}},"type":"binary-expr","locations":[{"start":{"line":16,"column":6},"end":{"line":16,"column":32}},{"start":{"line":16,"column":36},"end":{"line":16,"column":57}}],"line":16}},"s":{"0":6,"1":2,"2":2,"3":1,"4":1,"5":1,"6":1,"7":1,"8":1,"9":0},"f":{"0":2},"b":{"0":[1,1],"1":[1,1]},"_coverageSchema":"1a1c01bbd47fc00a2c39e90264f33305004495a9","hash":"79ec028ca115813b7135d016f084b00fa8a49514"}
,"C:\\Users\\quick\\Downloads\\VSCode-npm\\class-project\\backend\\models\\Event.js": {"path":"C:\\Users\\quick\\Downloads\\VSCode-npm\\class-project\\backend\\models\\Event.js","statementMap":{"0":{"start":{"line":3,"column":20},"end":{"line":13,"column":2}},"1":{"start":{"line":15,"column":14},"end":{"line":15,"column":60}}},"fnMap":{},"branchMap":{},"s":{"0":6,"1":6},"f":{},"b":{},"_coverageSchema":"1a1c01bbd47fc00a2c39e90264f33305004495a9","hash":"54359ee4628ebaeba349d07180dcdca6b1eb83a3"}
,"C:\\Users\\quick\\Downloads\\VSCode-npm\\class-project\\backend\\models\\User.js": {"path":"C:\\Users\\quick\\Downloads\\VSCode-npm\\class-project\\backend\\models\\User.js","statementMap":{"0":{"start":{"line":4,"column":30},"end":{"line":23,"column":2}},"1":{"start":{"line":25,"column":0},"end":{"line":31,"column":3}},"2":{"start":{"line":26,"column":2},"end":{"line":26,"column":50}},"3":{"start":{"line":26,"column":36},"end":{"line":26,"column":50}},"4":{"start":{"line":27,"column":15},"end":{"line":27,"column":39}},"5":{"start":{"line":29,"column":2},"end":{"line":29,"column":57}},"6":{"start":{"line":30,"column":2},"end":{"line":30,"column":9}},"7":{"start":{"line":33,"column":24},"end":{"line":36,"column":1}},"8":{"start":{"line":38,"column":26},"end":{"line":119,"column":2}},"9":{"start":{"line":121,"column":20},"end":{"line":121,"column":84}}},"fnMap":{"0":{"name":"(anonymous_0)","decl":{"start":{"line":25,"column":34},"end":{"line":25,"column":35}},"loc":{"start":{"line":25,"column":56},"end":{"line":31,"column":1}},"line":25}},"branchMap":{"0":{"loc":{"start":{"line":26,"column":2},"end":{"line":26,"column":50}},"type":"if","locations":[{"start":{"line":26,"column":2},"end":{"line":26,"column":50}},{"start":{},"end":{}}],"line":26}},"s":{"0":6,"1":6,"2":4,"3":0,"4":4,"5":4,"6":4,"7":6,"8":6,"9":6},"f":{"0":4},"b":{"0":[0,4]},"_coverageSchema":"1a1c01bbd47fc00a2c39e90264f33305004495a9","hash":"597c3dc10c104c0f8832c1dae0ff68a98a1ed101"}
,"C:\\Users\\quick\\Downloads\\VSCode-npm\\class-project\\backend\\models\\VolunteerHistory.js": {"path":"C:\\Users\\quick\\Downloads\\VSCode-npm\\class-project\\backend\\models\\VolunteerHistory.js","statementMap":{"0":{"start":{"line":3,"column":31},"end":{"line":23,"column":2}},"1":{"start":{"line":25,"column":25},"end":{"line":29,"column":1}}},"fnMap":{},"branchMap":{},"s":{"0":6,"1":6},"f":{},"b":{},"_coverageSchema":"1a1c01bbd47fc00a2c39e90264f33305004495a9","hash":"10e8bc75690837451ad8e253d53f4a66fed61e95"}
,"C:\\Users\\quick\\Downloads\\VSCode-npm\\class-project\\backend\\routes\\404.js": {"path":"C:\\Users\\quick\\Downloads\\VSCode-npm\\class-project\\backend\\routes\\404.js","statementMap":{"0":{"start":{"line":2,"column":15},"end":{"line":2,"column":23}},"1":{"start":{"line":4,"column":0},"end":{"line":9,"column":3}},"2":{"start":{"line":5,"column":4},"end":{"line":8,"column":7}}},"fnMap":{"0":{"name":"(anonymous_0)","decl":{"start":{"line":4,"column":16},"end":{"line":4,"column":17}},"loc":{"start":{"line":4,"column":30},"end":{"line":9,"column":1}},"line":4}},"branchMap":{},"s":{"0":6,"1":6,"2":4},"f":{"0":4},"b":{},"_coverageSchema":"1a1c01bbd47fc00a2c39e90264f33305004495a9","hash":"5c2fa5ff15e1fda72e8f5636ac03f5848ed3b588"}
,"C:\\Users\\quick\\Downloads\\VSCode-npm\\class-project\\backend\\routes\\authRoutes.js": {"path":"C:\\Users\\quick\\Downloads\\VSCode-npm\\class-project\\backend\\routes\\authRoutes.js","statementMap":{"0":{"start":{"line":5,"column":15},"end":{"line":5,"column":31}},"1":{"start":{"line":8,"column":0},"end":{"line":8,"column":39}},"2":{"start":{"line":11,"column":0},"end":{"line":11,"column":33}},"3":{"start":{"line":14,"column":0},"end":{"line":22,"column":3}},"4":{"start":{"line":15,"column":34},"end":{"line":15,"column":42}},"5":{"start":{"line":16,"column":2},"end":{"line":21,"column":5}}},"fnMap":{"0":{"name":"(anonymous_0)","decl":{"start":{"line":14,"column":36},"end":{"line":14,"column":37}},"loc":{"start":{"line":14,"column":50},"end":{"line":22,"column":1}},"line":14}},"branchMap":{},"s":{"0":6,"1":6,"2":6,"3":6,"4":1,"5":1},"f":{"0":1},"b":{},"_coverageSchema":"1a1c01bbd47fc00a2c39e90264f33305004495a9","hash":"bbac47f1ffb402f12bfe04dd553403308a1a08e8"}
,"C:\\Users\\quick\\Downloads\\VSCode-npm\\class-project\\backend\\routes\\eventRoutes.js": {"path":"C:\\Users\\quick\\Downloads\\VSCode-npm\\class-project\\backend\\routes\\eventRoutes.js","statementMap":{"0":{"start":{"line":4,"column":15},"end":{"line":4,"column":31}},"1":{"start":{"line":6,"column":0},"end":{"line":6,"column":42}},"2":{"start":{"line":7,"column":0},"end":{"line":7,"column":27}}},"fnMap":{},"branchMap":{},"s":{"0":6,"1":6,"2":6},"f":{},"b":{},"_coverageSchema":"1a1c01bbd47fc00a2c39e90264f33305004495a9","hash":"f8af0a6ae84184253eca26c671f4d8a917b7fc78"}
,"C:\\Users\\quick\\Downloads\\VSCode-npm\\class-project\\backend\\routes\\notificationRoutes.js": {"path":"C:\\Users\\quick\\Downloads\\VSCode-npm\\class-project\\backend\\routes\\notificationRoutes.js","statementMap":{"0":{"start":{"line":4,"column":15},"end":{"line":4,"column":31}},"1":{"start":{"line":5,"column":0},"end":{"line":5,"column":40}}},"fnMap":{},"branchMap":{},"s":{"0":6,"1":6},"f":{},"b":{},"_coverageSchema":"1a1c01bbd47fc00a2c39e90264f33305004495a9","hash":"af44ebb60564a015b85a4da75ad74f526116824e"}
,"C:\\Users\\quick\\Downloads\\VSCode-npm\\class-project\\backend\\routes\\reportingRoutes.js": {"path":"C:\\Users\\quick\\Downloads\\VSCode-npm\\class-project\\backend\\routes\\reportingRoutes.js","statementMap":{"0":{"start":{"line":7,"column":15},"end":{"line":7,"column":31}},"1":{"start":{"line":9,"column":0},"end":{"line":9,"column":53}},"2":{"start":{"line":10,"column":0},"end":{"line":10,"column":49}}},"fnMap":{},"branchMap":{},"s":{"0":6,"1":6,"2":6},"f":{},"b":{},"_coverageSchema":"1a1c01bbd47fc00a2c39e90264f33305004495a9","hash":"749c2c3ffba02d4c5cbe18ec77fb08737d8a7d4e"}
,"C:\\Users\\quick\\Downloads\\VSCode-npm\\class-project\\backend\\routes\\userRoutes.js": {"path":"C:\\Users\\quick\\Downloads\\VSCode-npm\\class-project\\backend\\routes\\userRoutes.js","statementMap":{"0":{"start":{"line":9,"column":15},"end":{"line":9,"column":23}},"1":{"start":{"line":12,"column":0},"end":{"line":12,"column":35}},"2":{"start":{"line":15,"column":0},"end":{"line":15,"column":55}},"3":{"start":{"line":16,"column":0},"end":{"line":16,"column":55}}},"fnMap":{},"branchMap":{},"s":{"0":6,"1":6,"2":6,"3":6},"f":{},"b":{},"_coverageSchema":"1a1c01bbd47fc00a2c39e90264f33305004495a9","hash":"a6310915f8efcce100209b2e2e85075293a92caa"}
,"C:\\Users\\quick\\Downloads\\VSCode-npm\\class-project\\backend\\routes\\volunteerRoutes.js": {"path":"C:\\Users\\quick\\Downloads\\VSCode-npm\\class-project\\backend\\routes\\volunteerRoutes.js","statementMap":{"0":{"start":{"line":8,"column":15},"end":{"line":8,"column":23}},"1":{"start":{"line":11,"column":0},"end":{"line":11,"column":48}},"2":{"start":{"line":13,"column":0},"end":{"line":13,"column":30}},"3":{"start":{"line":16,"column":0},"end":{"line":16,"column":38}}},"fnMap":{},"branchMap":{},"s":{"0":6,"1":6,"2":6,"3":6},"f":{},"b":{},"_coverageSchema":"1a1c01bbd47fc00a2c39e90264f33305004495a9","hash":"b38532a32be4aed17427e471cfe0bbc6ea17f178"}
,"C:\\Users\\quick\\Downloads\\VSCode-npm\\class-project\\backend\\services\\notificationService.js": {"path":"C:\\Users\\quick\\Downloads\\VSCode-npm\\class-project\\backend\\services\\notificationService.js","statementMap":{"0":{"start":{"line":3,"column":4},"end":{"line":3,"column":77}},"1":{"start":{"line":4,"column":4},"end":{"line":4,"column":59}}},"fnMap":{"0":{"name":"(anonymous_0)","decl":{"start":{"line":2,"column":2},"end":{"line":2,"column":3}},"loc":{"start":{"line":2,"column":41},"end":{"line":5,"column":3}},"line":2}},"branchMap":{},"s":{"0":1,"1":1},"f":{"0":1},"b":{},"_coverageSchema":"1a1c01bbd47fc00a2c39e90264f33305004495a9","hash":"a61fa0a8dd04fe7c7cecc439c5e654c163731fc7"}
,"C:\\Users\\quick\\Downloads\\VSCode-npm\\class-project\\backend\\services\\reportingService.js": {"path":"C:\\Users\\quick\\Downloads\\VSCode-npm\\class-project\\backend\\services\\reportingService.js","statementMap":{"0":{"start":{"line":7,"column":29},"end":{"line":30,"column":1}},"1":{"start":{"line":12,"column":2},"end":{"line":23,"column":3}},"2":{"start":{"line":13,"column":4},"end":{"line":16,"column":6}},"3":{"start":{"line":17,"column":4},"end":{"line":17,"column":36}},"4":{"start":{"line":18,"column":4},"end":{"line":18,"column":22}},"5":{"start":{"line":20,"column":4},"end":{"line":20,"column":31}},"6":{"start":{"line":21,"column":4},"end":{"line":21,"column":29}},"7":{"start":{"line":22,"column":4},"end":{"line":22,"column":22}},"8":{"start":{"line":25,"column":19},"end":{"line":27,"column":32}},"9":{"start":{"line":29,"column":2},"end":{"line":29,"column":43}},"10":{"start":{"line":32,"column":46},"end":{"line":58,"column":1}},"11":{"start":{"line":33,"column":25},"end":{"line":35,"column":28}},"12":{"start":{"line":37,"column":18},"end":{"line":37,"column":63}},"13":{"start":{"line":37,"column":44},"end":{"line":37,"column":62}},"14":{"start":{"line":38,"column":19},"end":{"line":38,"column":71}},"15":{"start":{"line":40,"column":21},"end":{"line":40,"column":30}},"16":{"start":{"line":41,"column":2},"end":{"line":41,"column":66}},"17":{"start":{"line":41,"column":26},"end":{"line":41,"column":64}},"18":{"start":{"line":43,"column":24},"end":{"line":55,"column":4}},"19":{"start":{"line":44,"column":22},"end":{"line":44,"column":40}},"20":{"start":{"line":45,"column":20},"end":{"line":45,"column":61}},"21":{"start":{"line":47,"column":4},"end":{"line":54,"column":6}},"22":{"start":{"line":57,"column":2},"end":{"line":57,"column":74}},"23":{"start":{"line":60,"column":46},"end":{"line":96,"column":1}},"24":{"start":{"line":61,"column":17},"end":{"line":61,"column":66}},"25":{"start":{"line":63,"column":18},"end":{"line":63,"column":79}},"26":{"start":{"line":63,"column":40},"end":{"line":63,"column":60}},"27":{"start":{"line":63,"column":73},"end":{"line":63,"column":78}},"28":{"start":{"line":64,"column":19},"end":{"line":64,"column":71}},"29":{"start":{"line":66,"column":21},"end":{"line":66,"column":30}},"30":{"start":{"line":67,"column":2},"end":{"line":67,"column":66}},"31":{"start":{"line":67,"column":26},"end":{"line":67,"column":64}},"32":{"start":{"line":69,"column":24},"end":{"line":93,"column":4}},"33":{"start":{"line":70,"column":4},"end":{"line":80,"column":5}},"34":{"start":{"line":71,"column":6},"end":{"line":79,"column":8}},"35":{"start":{"line":82,"column":4},"end":{"line":92,"column":7}},"36":{"start":{"line":83,"column":22},"end":{"line":83,"column":56}},"37":{"start":{"line":85,"column":6},"end":{"line":91,"column":8}},"38":{"start":{"line":95,"column":2},"end":{"line":95,"column":74}}},"fnMap":{"0":{"name":"(anonymous_0)","decl":{"start":{"line":7,"column":29},"end":{"line":7,"column":30}},"loc":{"start":{"line":7,"column":67},"end":{"line":30,"column":1}},"line":7},"1":{"name":"(anonymous_1)","decl":{"start":{"line":32,"column":46},"end":{"line":32,"column":47}},"loc":{"start":{"line":32,"column":72},"end":{"line":58,"column":1}},"line":32},"2":{"name":"(anonymous_2)","decl":{"start":{"line":37,"column":37},"end":{"line":37,"column":38}},"loc":{"start":{"line":37,"column":44},"end":{"line":37,"column":62}},"line":37},"3":{"name":"(anonymous_3)","decl":{"start":{"line":41,"column":19},"end":{"line":41,"column":20}},"loc":{"start":{"line":41,"column":26},"end":{"line":41,"column":64}},"line":41},"4":{"name":"(anonymous_4)","decl":{"start":{"line":43,"column":43},"end":{"line":43,"column":44}},"loc":{"start":{"line":43,"column":55},"end":{"line":55,"column":3}},"line":43},"5":{"name":"(anonymous_5)","decl":{"start":{"line":60,"column":46},"end":{"line":60,"column":47}},"loc":{"start":{"line":60,"column":72},"end":{"line":96,"column":1}},"line":60},"6":{"name":"(anonymous_6)","decl":{"start":{"line":63,"column":33},"end":{"line":63,"column":34}},"loc":{"start":{"line":63,"column":40},"end":{"line":63,"column":60}},"line":63},"7":{"name":"(anonymous_7)","decl":{"start":{"line":63,"column":66},"end":{"line":63,"column":67}},"loc":{"start":{"line":63,"column":73},"end":{"line":63,"column":78}},"line":63},"8":{"name":"(anonymous_8)","decl":{"start":{"line":67,"column":19},"end":{"line":67,"column":20}},"loc":{"start":{"line":67,"column":26},"end":{"line":67,"column":64}},"line":67},"9":{"name":"(anonymous_9)","decl":{"start":{"line":69,"column":39},"end":{"line":69,"column":40}},"loc":{"start":{"line":69,"column":50},"end":{"line":93,"column":3}},"line":69},"10":{"name":"(anonymous_10)","decl":{"start":{"line":82,"column":40},"end":{"line":82,"column":41}},"loc":{"start":{"line":82,"column":49},"end":{"line":92,"column":5}},"line":82}},"branchMap":{"0":{"loc":{"start":{"line":12,"column":2},"end":{"line":23,"column":3}},"type":"if","locations":[{"start":{"line":12,"column":2},"end":{"line":23,"column":3}},{"start":{"line":19,"column":9},"end":{"line":23,"column":3}}],"line":12},"1":{"loc":{"start":{"line":32,"column":53},"end":{"line":32,"column":67}},"type":"default-arg","locations":[{"start":{"line":32,"column":62},"end":{"line":32,"column":67}}],"line":32},"2":{"loc":{"start":{"line":48,"column":17},"end":{"line":48,"column":43}},"type":"binary-expr","locations":[{"start":{"line":48,"column":17},"end":{"line":48,"column":34}},{"start":{"line":48,"column":38},"end":{"line":48,"column":43}}],"line":48},"3":{"loc":{"start":{"line":49,"column":13},"end":{"line":49,"column":38}},"type":"binary-expr","locations":[{"start":{"line":49,"column":13},"end":{"line":49,"column":29}},{"start":{"line":49,"column":33},"end":{"line":49,"column":38}}],"line":49},"4":{"loc":{"start":{"line":50,"column":13},"end":{"line":50,"column":47}},"type":"binary-expr","locations":[{"start":{"line":50,"column":13},"end":{"line":50,"column":38}},{"start":{"line":50,"column":42},"end":{"line":50,"column":47}}],"line":50},"5":{"loc":{"start":{"line":51,"column":16},"end":{"line":51,"column":49}},"type":"binary-expr","locations":[{"start":{"line":51,"column":16},"end":{"line":51,"column":40}},{"start":{"line":51,"column":44},"end":{"line":51,"column":49}}],"line":51},"6":{"loc":{"start":{"line":52,"column":12},"end":{"line":52,"column":75}},"type":"binary-expr","locations":[{"start":{"line":52,"column":12},"end":{"line":52,"column":66}},{"start":{"line":52,"column":70},"end":{"line":52,"column":75}}],"line":52},"7":{"loc":{"start":{"line":60,"column":53},"end":{"line":60,"column":67}},"type":"default-arg","locations":[{"start":{"line":60,"column":62},"end":{"line":60,"column":67}}],"line":60},"8":{"loc":{"start":{"line":70,"column":4},"end":{"line":80,"column":5}},"type":"if","locations":[{"start":{"line":70,"column":4},"end":{"line":80,"column":5}},{"start":{},"end":{}}],"line":70},"9":{"loc":{"start":{"line":75,"column":16},"end":{"line":75,"column":69}},"type":"binary-expr","locations":[{"start":{"line":75,"column":16},"end":{"line":75,"column":60}},{"start":{"line":75,"column":64},"end":{"line":75,"column":69}}],"line":75},"10":{"loc":{"start":{"line":88,"column":14},"end":{"line":88,"column":67}},"type":"binary-expr","locations":[{"start":{"line":88,"column":14},"end":{"line":88,"column":58}},{"start":{"line":88,"column":62},"end":{"line":88,"column":67}}],"line":88},"11":{"loc":{"start":{"line":89,"column":19},"end":{"line":89,"column":45}},"type":"binary-expr","locations":[{"start":{"line":89,"column":19},"end":{"line":89,"column":36}},{"start":{"line":89,"column":40},"end":{"line":89,"column":45}}],"line":89},"12":{"loc":{"start":{"line":90,"column":15},"end":{"line":90,"column":33}},"type":"binary-expr","locations":[{"start":{"line":90,"column":15},"end":{"line":90,"column":24}},{"start":{"line":90,"column":28},"end":{"line":90,"column":33}}],"line":90}},"s":{"0":7,"1":6,"2":1,"3":1,"4":1,"5":5,"6":5,"7":5,"8":6,"9":6,"10":7,"11":3,"12":3,"13":3,"14":3,"15":3,"16":3,"17":2,"18":3,"19":3,"20":3,"21":3,"22":3,"23":7,"24":3,"25":3,"26":3,"27":2,"28":3,"29":3,"30":3,"31":1,"32":3,"33":3,"34":1,"35":2,"36":2,"37":2,"38":3},"f":{"0":6,"1":3,"2":3,"3":2,"4":3,"5":3,"6":3,"7":2,"8":1,"9":3,"10":2},"b":{"0":[1,5],"1":[0],"2":[3,1],"3":[3,0],"4":[3,0],"5":[3,0],"6":[3,0],"7":[0],"8":[1,2],"9":[1,0],"10":[2,0],"11":[2,1],"12":[2,0]},"_coverageSchema":"1a1c01bbd47fc00a2c39e90264f33305004495a9","hash":"8d52747dd9c950f9deb5d3e258140faf27579394"}
,"C:\\Users\\quick\\Downloads\\VSCode-npm\\class-project\\backend\\utils\\csvGenerator.js": {"path":"C:\\Users\\quick\\Downloads\\VSCode-npm\\class-project\\backend\\utils\\csvGenerator.js","statementMap":{"0":{"start":{"line":3,"column":27},"end":{"line":15,"column":1}},"1":{"start":{"line":4,"column":2},"end":{"line":6,"column":3}},"2":{"start":{"line":5,"column":4},"end":{"line":5,"column":36}},"3":{"start":{"line":8,"column":18},"end":{"line":8,"column":78}},"4":{"start":{"line":8,"column":53},"end":{"line":8,"column":76}},"5":{"start":{"line":10,"column":25},"end":{"line":10,"column":72}},"6":{"start":{"line":12,"column":4},"end":{"line":12,"column":76}},"7":{"start":{"line":14,"column":2},"end":{"line":14,"column":53}}},"fnMap":{"0":{"name":"(anonymous_0)","decl":{"start":{"line":3,"column":27},"end":{"line":3,"column":28}},"loc":{"start":{"line":3,"column":37},"end":{"line":15,"column":1}},"line":3},"1":{"name":"(anonymous_1)","decl":{"start":{"line":8,"column":43},"end":{"line":8,"column":44}},"loc":{"start":{"line":8,"column":53},"end":{"line":8,"column":76}},"line":8}},"branchMap":{"0":{"loc":{"start":{"line":4,"column":2},"end":{"line":6,"column":3}},"type":"if","locations":[{"start":{"line":4,"column":2},"end":{"line":6,"column":3}},{"start":{},"end":{}}],"line":4},"1":{"loc":{"start":{"line":4,"column":6},"end":{"line":4,"column":32}},"type":"binary-expr","locations":[{"start":{"line":4,"column":6},"end":{"line":4,"column":11}},{"start":{"line":4,"column":15},"end":{"line":4,"column":32}}],"line":4}},"s":{"0":6,"1":0,"2":0,"3":0,"4":0,"5":0,"6":0,"7":0},"f":{"0":0,"1":0},"b":{"0":[0,0],"1":[0,0]},"_coverageSchema":"1a1c01bbd47fc00a2c39e90264f33305004495a9","hash":"14c79a8e807a6cf5cca9b24e6069b912687b7b6d"}
,"C:\\Users\\quick\\Downloads\\VSCode-npm\\class-project\\backend\\utils\\pdfGenerator.js": {"path":"C:\\Users\\quick\\Downloads\\VSCode-npm\\class-project\\backend\\utils\\pdfGenerator.js","statementMap":{"0":{"start":{"line":3,"column":27},"end":{"line":37,"column":1}},"1":{"start":{"line":4,"column":2},"end":{"line":36,"column":5}},"2":{"start":{"line":5,"column":4},"end":{"line":35,"column":5}},"3":{"start":{"line":6,"column":18},"end":{"line":6,"column":35}},"4":{"start":{"line":7,"column":21},"end":{"line":7,"column":23}},"5":{"start":{"line":9,"column":6},"end":{"line":9,"column":52}},"6":{"start":{"line":9,"column":32},"end":{"line":9,"column":50}},"7":{"start":{"line":10,"column":6},"end":{"line":13,"column":9}},"8":{"start":{"line":11,"column":23},"end":{"line":11,"column":44}},"9":{"start":{"line":12,"column":8},"end":{"line":12,"column":24}},"10":{"start":{"line":15,"column":6},"end":{"line":15,"column":56}},"11":{"start":{"line":16,"column":6},"end":{"line":16,"column":21}},"12":{"start":{"line":18,"column":6},"end":{"line":30,"column":7}},"13":{"start":{"line":19,"column":24},"end":{"line":19,"column":44}},"14":{"start":{"line":21,"column":8},"end":{"line":21,"column":72}},"15":{"start":{"line":22,"column":8},"end":{"line":22,"column":23}},"16":{"start":{"line":24,"column":8},"end":{"line":27,"column":11}},"17":{"start":{"line":25,"column":26},"end":{"line":25,"column":68}},"18":{"start":{"line":25,"column":47},"end":{"line":25,"column":55}},"19":{"start":{"line":26,"column":10},"end":{"line":26,"column":28}},"20":{"start":{"line":29,"column":8},"end":{"line":29,"column":39}},"21":{"start":{"line":32,"column":6},"end":{"line":32,"column":16}},"22":{"start":{"line":34,"column":6},"end":{"line":34,"column":20}}},"fnMap":{"0":{"name":"(anonymous_0)","decl":{"start":{"line":3,"column":27},"end":{"line":3,"column":28}},"loc":{"start":{"line":3,"column":61},"end":{"line":37,"column":1}},"line":3},"1":{"name":"(anonymous_1)","decl":{"start":{"line":4,"column":21},"end":{"line":4,"column":22}},"loc":{"start":{"line":4,"column":42},"end":{"line":36,"column":3}},"line":4},"2":{"name":"(anonymous_2)","decl":{"start":{"line":9,"column":21},"end":{"line":9,"column":22}},"loc":{"start":{"line":9,"column":32},"end":{"line":9,"column":50}},"line":9},"3":{"name":"(anonymous_3)","decl":{"start":{"line":10,"column":20},"end":{"line":10,"column":21}},"loc":{"start":{"line":10,"column":26},"end":{"line":13,"column":7}},"line":10},"4":{"name":"(anonymous_4)","decl":{"start":{"line":24,"column":21},"end":{"line":24,"column":22}},"loc":{"start":{"line":24,"column":30},"end":{"line":27,"column":9}},"line":24},"5":{"name":"(anonymous_5)","decl":{"start":{"line":25,"column":38},"end":{"line":25,"column":39}},"loc":{"start":{"line":25,"column":47},"end":{"line":25,"column":55}},"line":25}},"branchMap":{"0":{"loc":{"start":{"line":3,"column":40},"end":{"line":3,"column":56}},"type":"default-arg","locations":[{"start":{"line":3,"column":48},"end":{"line":3,"column":56}}],"line":3},"1":{"loc":{"start":{"line":18,"column":6},"end":{"line":30,"column":7}},"type":"if","locations":[{"start":{"line":18,"column":6},"end":{"line":30,"column":7}},{"start":{"line":28,"column":13},"end":{"line":30,"column":7}}],"line":18}},"s":{"0":6,"1":0,"2":0,"3":0,"4":0,"5":0,"6":0,"7":0,"8":0,"9":0,"10":0,"11":0,"12":0,"13":0,"14":0,"15":0,"16":0,"17":0,"18":0,"19":0,"20":0,"21":0,"22":0},"f":{"0":0,"1":0,"2":0,"3":0,"4":0,"5":0},"b":{"0":[0],"1":[0,0]},"_coverageSchema":"1a1c01bbd47fc00a2c39e90264f33305004495a9","hash":"f6dd46d3ac4bf0ee38a8e0172b65255c8295fab2"}
}
