TN:
SF:database.js
FN:3,(anonymous_0)
FNF:1
FNH:1
FNDA:5,(anonymous_0)
DA:3,5
DA:4,5
DA:5,5
DA:6,3
DA:8,0
DA:9,0
LF:6
LH:4
BRF:0
BRH:0
end_of_record
TN:
SF:index.js
FN:24,(anonymous_0)
FNF:1
FNH:0
FNDA:0,(anonymous_0)
DA:14,5
DA:16,5
DA:19,5
DA:22,5
DA:23,5
DA:24,5
DA:25,0
DA:29,5
DA:30,5
DA:31,5
DA:32,5
DA:33,5
DA:34,5
DA:36,5
LF:14
LH:13
BRF:0
BRH:0
end_of_record
TN:
SF:server.js
FN:4,(anonymous_0)
FNF:1
FNH:1
FNDA:1,(anonymous_0)
DA:3,1
DA:4,1
DA:5,1
LF:3
LH:3
BRDA:3,0,0,1
BRDA:3,0,1,0
BRF:2
BRH:1
end_of_record
TN:
SF:controllers\authController.js
FN:15,(anonymous_0)
FN:51,(anonymous_1)
FNF:2
FNH:2
FNDA:4,(anonymous_0)
FNDA:4,(anonymous_1)
DA:6,5
DA:15,5
DA:16,4
DA:17,4
DA:20,4
DA:21,0
DA:25,4
DA:26,1
DA:31,3
DA:32,3
DA:33,0
DA:36,3
DA:41,3
DA:43,3
DA:45,0
DA:46,0
DA:51,5
DA:52,4
DA:53,4
DA:55,4
DA:56,4
DA:57,1
DA:60,3
DA:61,3
DA:62,1
DA:65,2
DA:77,2
DA:79,1
DA:80,1
LF:29
LH:25
BRDA:20,0,0,0
BRDA:20,0,1,4
BRDA:20,1,0,4
BRDA:20,1,1,4
BRDA:25,2,0,1
BRDA:25,2,1,3
BRDA:25,3,0,4
BRDA:25,3,1,4
BRDA:32,4,0,0
BRDA:32,4,1,3
BRDA:39,5,0,3
BRDA:39,5,1,2
BRDA:56,6,0,1
BRDA:56,6,1,3
BRDA:61,7,0,1
BRDA:61,7,1,2
BRDA:71,8,0,2
BRDA:71,8,1,2
BRF:18
BRH:16
end_of_record
TN:
SF:controllers\eventController.js
FN:19,(anonymous_0)
FN:30,(anonymous_1)
FNF:2
FNH:2
FNDA:2,(anonymous_0)
FNDA:1,(anonymous_1)
DA:3,5
DA:19,5
DA:20,2
DA:21,2
DA:22,2
DA:23,0
DA:25,2
DA:30,5
DA:31,1
DA:32,1
DA:33,1
DA:35,0
LF:12
LH:10
BRF:0
BRH:0
end_of_record
TN:
SF:controllers\notificationController.js
FN:3,(anonymous_0)
FNF:1
FNH:1
FNDA:2,(anonymous_0)
DA:3,5
DA:4,2
DA:5,2
DA:6,1
DA:11,1
DA:12,1
LF:6
LH:6
BRDA:5,0,0,1
BRDA:5,0,1,1
BRDA:5,1,0,2
BRDA:5,1,1,1
BRF:4
BRH:4
end_of_record
TN:
SF:controllers\reportingController.js
FN:6,(anonymous_0)
FN:23,(anonymous_1)
FNF:2
FNH:2
FNDA:2,(anonymous_0)
FNDA:2,(anonymous_1)
DA:6,6
DA:7,2
DA:8,2
DA:10,2
DA:12,1
DA:13,1
DA:14,1
DA:16,1
DA:17,1
DA:23,6
DA:24,2
DA:25,2
DA:27,2
DA:29,1
DA:30,1
DA:31,1
DA:33,1
DA:34,1
LF:18
LH:18
BRDA:8,0,0,2
BRDA:8,0,1,2
BRDA:25,1,0,2
BRDA:25,1,1,2
BRF:4
BRH:4
end_of_record
TN:
SF:controllers\userController.js
FN:40,getUserProfile
FN:59,createUserProfile
FN:95,updateUserProfile
FN:128,(anonymous_3)
FNF:4
FNH:4
FNDA:3,getUserProfile
FNDA:2,createUserProfile
FNDA:2,updateUserProfile
FNDA:2,(anonymous_3)
DA:5,6
DA:41,3
DA:42,3
DA:44,3
DA:47,0
DA:48,0
DA:51,0
DA:53,3
DA:54,3
DA:60,2
DA:61,2
DA:63,2
DA:64,2
DA:65,1
DA:68,1
DA:80,0
DA:82,0
DA:86,0
DA:90,1
DA:91,1
DA:96,2
DA:97,2
DA:99,2
DA:115,1
DA:119,1
DA:123,1
DA:124,1
DA:128,6
DA:129,2
DA:130,2
DA:131,1
DA:133,1
LF:32
LH:26
BRDA:47,0,0,0
BRDA:47,0,1,0
BRDA:64,1,0,1
BRDA:64,1,1,1
BRF:4
BRH:2
end_of_record
TN:
SF:controllers\volunteerController.js
FN:8,(anonymous_0)
FN:31,(anonymous_1)
FNF:2
FNH:2
FNDA:3,(anonymous_0)
FNDA:6,(anonymous_1)
DA:8,5
DA:9,3
DA:10,3
DA:11,3
DA:13,3
DA:17,2
DA:19,2
DA:25,1
DA:26,1
DA:31,5
DA:32,6
DA:33,6
DA:35,6
DA:36,6
DA:39,6
DA:40,1
DA:44,5
DA:45,1
DA:51,4
DA:55,3
DA:56,1
DA:61,2
DA:62,0
DA:67,2
DA:70,2
DA:71,2
DA:73,2
DA:74,1
DA:80,1
DA:86,1
DA:87,1
DA:89,1
DA:91,1
DA:92,1
LF:34
LH:33
BRDA:22,0,0,0
BRDA:22,0,1,2
BRDA:39,1,0,1
BRDA:39,1,1,5
BRDA:44,2,0,1
BRDA:44,2,1,4
BRDA:55,3,0,1
BRDA:55,3,1,2
BRDA:61,4,0,0
BRDA:61,4,1,2
BRDA:61,5,0,2
BRDA:61,5,1,2
BRDA:73,6,0,1
BRDA:73,6,1,1
BRF:14
BRH:12
end_of_record
TN:
SF:middleware\verifyToken.js
FN:3,(anonymous_0)
FNF:1
FNH:1
FNDA:2,(anonymous_0)
DA:3,5
DA:4,2
DA:6,2
DA:7,1
DA:12,1
DA:14,1
DA:20,1
DA:23,1
DA:24,1
DA:26,0
LF:10
LH:9
BRDA:6,0,0,1
BRDA:6,0,1,1
BRDA:16,1,0,1
BRDA:16,1,1,1
BRF:4
BRH:4
end_of_record
TN:
SF:models\Event.js
FNF:0
FNH:0
DA:3,5
DA:15,5
LF:2
LH:2
BRF:0
BRH:0
end_of_record
TN:
SF:models\User.js
FN:25,(anonymous_0)
FNF:1
FNH:1
FNDA:5,(anonymous_0)
DA:4,5
DA:25,5
DA:26,5
DA:27,5
DA:29,5
DA:30,5
DA:33,5
DA:38,5
DA:121,5
LF:9
LH:9
BRDA:26,0,0,0
BRDA:26,0,1,5
BRF:2
BRH:1
end_of_record
TN:
SF:models\VolunteerHistory.js
FNF:0
FNH:0
DA:3,5
DA:25,5
LF:2
LH:2
BRF:0
BRH:0
end_of_record
TN:
SF:routes\404.js
FN:4,(anonymous_0)
FNF:1
FNH:1
FNDA:1,(anonymous_0)
DA:2,5
DA:4,5
DA:5,1
LF:3
LH:3
BRF:0
BRH:0
end_of_record
TN:
SF:routes\authRoutes.js
FN:14,(anonymous_0)
FNF:1
FNH:1
FNDA:1,(anonymous_0)
DA:5,5
DA:8,5
DA:11,5
DA:14,5
DA:15,1
DA:16,1
LF:6
LH:6
BRF:0
BRH:0
end_of_record
TN:
SF:routes\eventRoutes.js
FNF:0
FNH:0
DA:4,5
DA:6,5
DA:7,5
LF:3
LH:3
BRF:0
BRH:0
end_of_record
TN:
SF:routes\notificationRoutes.js
FNF:0
FNH:0
DA:4,5
DA:5,5
LF:2
LH:2
BRF:0
BRH:0
end_of_record
TN:
SF:routes\reportingRoutes.js
FNF:0
FNH:0
DA:7,5
DA:9,5
DA:10,5
LF:3
LH:3
BRF:0
BRH:0
end_of_record
TN:
SF:routes\userRoutes.js
FNF:0
FNH:0
DA:9,5
DA:12,5
DA:15,5
DA:16,5
LF:4
LH:4
BRF:0
BRH:0
end_of_record
TN:
SF:routes\volunteerRoutes.js
FNF:0
FNH:0
DA:8,5
DA:11,5
DA:13,5
DA:16,5
LF:4
LH:4
BRF:0
BRH:0
end_of_record
TN:
SF:services\notificationService.js
FN:2,(anonymous_0)
FNF:1
FNH:1
FNDA:1,(anonymous_0)
DA:3,1
DA:4,1
LF:2
LH:2
BRF:0
BRH:0
end_of_record
TN:
SF:services\reportingService.js
FN:7,(anonymous_0)
FN:32,(anonymous_1)
FN:37,(anonymous_2)
FN:41,(anonymous_3)
FN:43,(anonymous_4)
FN:60,(anonymous_5)
FN:63,(anonymous_6)
FN:63,(anonymous_7)
FN:67,(anonymous_8)
FN:69,(anonymous_9)
FN:82,(anonymous_10)
FNF:11
FNH:11
FNDA:6,(anonymous_0)
FNDA:3,(anonymous_1)
FNDA:3,(anonymous_2)
FNDA:2,(anonymous_3)
FNDA:3,(anonymous_4)
FNDA:3,(anonymous_5)
FNDA:3,(anonymous_6)
FNDA:2,(anonymous_7)
FNDA:1,(anonymous_8)
FNDA:3,(anonymous_9)
FNDA:2,(anonymous_10)
DA:7,6
DA:12,6
DA:13,1
DA:17,1
DA:18,1
DA:20,5
DA:21,5
DA:22,5
DA:25,6
DA:29,6
DA:32,6
DA:33,3
DA:37,3
DA:38,3
DA:40,3
DA:41,3
DA:43,3
DA:44,3
DA:45,3
DA:47,3
DA:57,3
DA:60,6
DA:61,3
DA:63,3
DA:64,3
DA:66,3
DA:67,3
DA:69,3
DA:70,3
DA:71,1
DA:82,2
DA:83,2
DA:85,2
DA:95,3
LF:34
LH:34
BRDA:12,0,0,1
BRDA:12,0,1,5
BRDA:32,1,0,0
BRDA:48,2,0,3
BRDA:48,2,1,1
BRDA:49,3,0,3
BRDA:49,3,1,0
BRDA:50,4,0,3
BRDA:50,4,1,0
BRDA:51,5,0,3
BRDA:51,5,1,0
BRDA:52,6,0,3
BRDA:52,6,1,0
BRDA:60,7,0,0
BRDA:70,8,0,1
BRDA:70,8,1,2
BRDA:75,9,0,1
BRDA:75,9,1,0
BRDA:88,10,0,2
BRDA:88,10,1,0
BRDA:89,11,0,2
BRDA:89,11,1,1
BRDA:90,12,0,2
BRDA:90,12,1,0
BRF:24
BRH:15
end_of_record
TN:
SF:utils\csvGenerator.js
FN:3,(anonymous_0)
FN:8,(anonymous_1)
FNF:2
FNH:2
FNDA:7,(anonymous_0)
FNDA:4,(anonymous_1)
DA:3,6
DA:4,7
DA:5,3
DA:8,4
DA:10,4
DA:12,4
DA:14,4
LF:7
LH:7
BRDA:4,0,0,3
BRDA:4,0,1,4
BRDA:4,1,0,7
BRDA:4,1,1,5
BRF:4
BRH:4
end_of_record
TN:
SF:utils\pdfGenerator.js
FN:3,(anonymous_0)
FN:4,(anonymous_1)
FN:9,(anonymous_2)
FN:10,(anonymous_3)
FN:24,(anonymous_4)
FN:25,(anonymous_5)
FNF:6
FNH:6
FNDA:6,(anonymous_0)
FNDA:6,(anonymous_1)
FNDA:366,(anonymous_2)
FNDA:6,(anonymous_3)
FNDA:7,(anonymous_4)
FNDA:14,(anonymous_5)
DA:3,6
DA:4,6
DA:5,6
DA:6,6
DA:7,6
DA:9,366
DA:10,6
DA:11,6
DA:12,6
DA:15,6
DA:16,6
DA:18,6
DA:19,5
DA:21,5
DA:22,5
DA:24,5
DA:25,14
DA:26,7
DA:29,1
DA:32,6
DA:34,0
LF:21
LH:20
BRDA:3,0,0,3
BRDA:18,1,0,5
BRDA:18,1,1,1
BRF:3
BRH:3
end_of_record
